d:\크레벅스\muttman\gsolution\gprj\x64\debug\gprj.pch
d:\크레벅스\muttman\gsolution\gprj\x64\debug\vc143.pdb
d:\크레벅스\muttman\gsolution\gprj\x64\debug\vc143.idb
d:\크레벅스\muttman\gsolution\gprj\x64\debug\pch.obj
d:\크레벅스\muttman\gsolution\gprj\x64\debug\gprjdlg.obj
d:\크레벅스\muttman\gsolution\gprj\x64\debug\gprj.obj
d:\크레벅스\muttman\gsolution\gprj\x64\debug\cprocess.obj
d:\크레벅스\muttman\gsolution\gprj\x64\debug\cdlgimage.obj
d:\크레벅스\muttman\gsolution\x64\debug\gprj.exe
d:\크레벅스\muttman\gsolution\gprj\x64\debug\gprj.ilk
d:\크레벅스\muttman\gsolution\x64\debug\gprj.pdb
d:\크레벅스\muttman\gsolution\gprj\x64\debug\gprj.res
d:\크레벅스\muttman\gsolution\gprj\x64\debug\gprjdlg.obj.enc
d:\크레벅스\muttman\gsolution\gprj\x64\debug\gprj.tlog\cl.command.1.tlog
d:\크레벅스\muttman\gsolution\gprj\x64\debug\gprj.tlog\cl.items.tlog
d:\크레벅스\muttman\gsolution\gprj\x64\debug\gprj.tlog\cl.read.1.tlog
d:\크레벅스\muttman\gsolution\gprj\x64\debug\gprj.tlog\cl.write.1.tlog
d:\크레벅스\muttman\gsolution\gprj\x64\debug\gprj.tlog\link.command.1.tlog
d:\크레벅스\muttman\gsolution\gprj\x64\debug\gprj.tlog\link.read.1.tlog
d:\크레벅스\muttman\gsolution\gprj\x64\debug\gprj.tlog\link.write.1.tlog
d:\크레벅스\muttman\gsolution\gprj\x64\debug\gprj.tlog\rc.command.1.tlog
d:\크레벅스\muttman\gsolution\gprj\x64\debug\gprj.tlog\rc.read.1.tlog
d:\크레벅스\muttman\gsolution\gprj\x64\debug\gprj.tlog\rc.write.1.tlog
